0 info it worked if it ends with ok
1 verbose cli [ 'C:\\Program Files\\nodejs\\node.exe',
1 verbose cli   'C:\\Program Files\\nodejs\\node_modules\\npm\\bin\\npm-cli.js',
1 verbose cli   'install',
1 verbose cli   'jquery',
1 verbose cli   '--save' ]
2 info using npm@1.3.21
3 info using node@v6.10.1
4 warn package.json react-tutorials@0.0.0 No repository field.
5 verbose readDependencies using package.json deps
6 verbose cache add [ 'jquery', null ]
7 verbose cache add name=undefined spec="jquery" args=["jquery",null]
8 verbose parsed url Url {
8 verbose parsed url   protocol: null,
8 verbose parsed url   slashes: null,
8 verbose parsed url   auth: null,
8 verbose parsed url   host: null,
8 verbose parsed url   port: null,
8 verbose parsed url   hostname: null,
8 verbose parsed url   hash: null,
8 verbose parsed url   search: null,
8 verbose parsed url   query: null,
8 verbose parsed url   pathname: 'jquery',
8 verbose parsed url   path: 'jquery',
8 verbose parsed url   href: 'jquery' }
9 silly lockFile 6f2ab963-jquery jquery
10 verbose lock jquery C:\Users\crumb\AppData\Roaming\npm-cache\6f2ab963-jquery.lock
11 silly lockFile 6f2ab963-jquery jquery
12 silly lockFile 6f2ab963-jquery jquery
13 verbose addNamed [ 'jquery', '' ]
14 verbose addNamed [ null, '*' ]
15 silly lockFile 039e748d-jquery jquery@
16 verbose lock jquery@ C:\Users\crumb\AppData\Roaming\npm-cache\039e748d-jquery.lock
17 silly addNameRange { name: 'jquery', range: '*', hasData: false }
18 silly addNameRange number 2 { name: 'jquery', range: '*', hasData: true }
19 silly addNameRange versions [ 'jquery',
19 silly addNameRange   [ '1.5.1',
19 silly addNameRange     '1.6.2',
19 silly addNameRange     '1.6.3',
19 silly addNameRange     '1.7.2',
19 silly addNameRange     '1.7.3',
19 silly addNameRange     '1.8.2',
19 silly addNameRange     '1.8.3',
19 silly addNameRange     '2.1.0-beta2',
19 silly addNameRange     '2.1.0-beta3',
19 silly addNameRange     '1.11.0-beta3',
19 silly addNameRange     '1.11.0-rc1',
19 silly addNameRange     '2.1.0-rc1',
19 silly addNameRange     '1.11.0',
19 silly addNameRange     '2.1.0',
19 silly addNameRange     '2.1.1-beta1',
19 silly addNameRange     '1.11.1-beta1',
19 silly addNameRange     '2.1.1-rc1',
19 silly addNameRange     '1.11.1-rc1',
19 silly addNameRange     '2.1.1-rc2',
19 silly addNameRange     '1.11.1-rc2',
19 silly addNameRange     '2.1.1',
19 silly addNameRange     '1.11.1',
19 silly addNameRange     '1.9.1',
19 silly addNameRange     '2.1.2',
19 silly addNameRange     '1.11.2',
19 silly addNameRange     '2.1.3',
19 silly addNameRange     '2.1.4',
19 silly addNameRange     '1.11.3',
19 silly addNameRange     '3.0.0-alpha1',
19 silly addNameRange     '1.12.0',
19 silly addNameRange     '2.2.0',
19 silly addNameRange     '3.0.0-beta1',
19 silly addNameRange     '1.12.1',
19 silly addNameRange     '2.2.1',
19 silly addNameRange     '1.12.2',
19 silly addNameRange     '2.2.2',
19 silly addNameRange     '1.12.3',
19 silly addNameRange     '2.2.3',
19 silly addNameRange     '1.12.4',
19 silly addNameRange     '2.2.4',
19 silly addNameRange     '3.0.0-rc1',
19 silly addNameRange     '3.0.0',
19 silly addNameRange     '3.1.0',
19 silly addNameRange     '3.1.1',
19 silly addNameRange     '3.2.0',
19 silly addNameRange     '3.2.1' ] ]
20 verbose addNamed [ 'jquery', '3.2.1' ]
21 verbose addNamed [ '3.2.1', '3.2.1' ]
22 silly lockFile 45a56172-jquery-3-2-1 jquery@3.2.1
23 verbose lock jquery@3.2.1 C:\Users\crumb\AppData\Roaming\npm-cache\45a56172-jquery-3-2-1.lock
24 silly lockFile 45a56172-jquery-3-2-1 jquery@3.2.1
25 silly lockFile 45a56172-jquery-3-2-1 jquery@3.2.1
26 silly lockFile 039e748d-jquery jquery@
27 silly lockFile 039e748d-jquery jquery@
28 silly resolved [ { name: 'jquery',
28 silly resolved     title: 'jQuery',
28 silly resolved     description: 'JavaScript library for DOM operations',
28 silly resolved     version: '3.2.1',
28 silly resolved     main: 'dist/jquery.js',
28 silly resolved     homepage: 'https://jquery.com',
28 silly resolved     author:
28 silly resolved      { name: 'JS Foundation and other contributors',
28 silly resolved        url: 'https://github.com/jquery/jquery/blob/3.2.1/AUTHORS.txt' },
28 silly resolved     repository: { type: 'git', url: 'https://github.com/jquery/jquery.git' },
28 silly resolved     keywords: [ 'jquery', 'javascript', 'browser', 'library' ],
28 silly resolved     bugs: { url: 'https://github.com/jquery/jquery/issues' },
28 silly resolved     license: 'MIT',
28 silly resolved     dependencies: {},
28 silly resolved     devDependencies:
28 silly resolved      { 'babel-preset-es2015': '6.6.0',
28 silly resolved        commitplease: '2.6.1',
28 silly resolved        'core-js': '2.2.2',
28 silly resolved        'cross-spawn': '2.2.3',
28 silly resolved        'eslint-config-jquery': '1.0.0',
28 silly resolved        grunt: '1.0.1',
28 silly resolved        'grunt-babel': '6.0.0',
28 silly resolved        'grunt-cli': '1.2.0',
28 silly resolved        'grunt-compare-size': '0.4.2',
28 silly resolved        'grunt-contrib-uglify': '1.0.1',
28 silly resolved        'grunt-contrib-watch': '1.0.0',
28 silly resolved        'grunt-eslint': '19.0.0',
28 silly resolved        'grunt-git-authors': '3.2.0',
28 silly resolved        'grunt-jsonlint': '1.0.7',
28 silly resolved        'grunt-newer': '1.2.0',
28 silly resolved        'grunt-npmcopy': '0.1.0',
28 silly resolved        'gzip-js': '0.3.2',
28 silly resolved        husky: '0.11.4',
28 silly resolved        insight: '0.8.1',
28 silly resolved        jsdom: '5.6.1',
28 silly resolved        'load-grunt-tasks': '3.5.0',
28 silly resolved        'native-promise-only': '0.8.1',
28 silly resolved        'promises-aplus-tests': '2.1.2',
28 silly resolved        q: '1.4.1',
28 silly resolved        'qunit-assert-step': '1.0.3',
28 silly resolved        qunitjs: '1.23.1',
28 silly resolved        requirejs: '2.2.0',
28 silly resolved        sinon: '1.17.3',
28 silly resolved        sizzle: '2.3.3',
28 silly resolved        'strip-json-comments': '2.0.1',
28 silly resolved        testswarm: '1.1.0' },
28 silly resolved     scripts:
28 silly resolved      { build: 'npm install && grunt',
28 silly resolved        start: 'grunt watch',
28 silly resolved        test: 'grunt && grunt test:slow',
28 silly resolved        precommit: 'grunt lint:newer',
28 silly resolved        commitmsg: 'node node_modules/commitplease' },
28 silly resolved     commitplease:
28 silly resolved      { nohook: true,
28 silly resolved        components: [Object],
28 silly resolved        markerPattern: '^((clos|fix|resolv)(e[sd]|ing))|^(refs?)',
28 silly resolved        ticketPattern: '^((Closes|Fixes) ([a-zA-Z]{2,}-)[0-9]+)|^(Refs? [^#])' },
28 silly resolved     readme: '# jQuery\n\n> jQuery is a fast, small, and feature-rich JavaScript library.\n\nFor information on how to get started and how to use jQuery, please see [jQuery\'s documentation](http://api.jquery.com/).\nFor source files and issues, please visit the [jQuery repo](https://github.com/jquery/jquery).\n\nIf upgrading, please see the [blog post for 3.2.1](https://blog.jquery.com/2017/03/20/jquery-3-2-1-now-available/). This includes notable differences from the previous version and a more readable changelog.\n\n## Including jQuery\n\nBelow are some of the most common ways to include jQuery.\n\n### Browser\n\n#### Script tag\n\n```html\n<script src="https://code.jquery.com/jquery-3.2.1.min.js"></script>\n```\n\n#### Babel\n\n[Babel](http://babeljs.io/) is a next generation JavaScript compiler. One of the features is the ability to use ES6/ES2015 modules now, even though browsers do not yet support this feature natively.\n\n```js\nimport $ from "jquery";\n```\n\n#### Browserify/Webpack\n\nThere are several ways to use [Browserify](http://browserify.org/) and [Webpack](https://webpack.github.io/). For more information on using these tools, please refer to the corresponding project\'s documention. In the script, including jQuery will usually look like this...\n\n```js\nvar $ = require("jquery");\n```\n\n#### AMD (Asynchronous Module Definition)\n\nAMD is a module format built for the browser. For more information, we recommend [require.js\' documentation](http://requirejs.org/docs/whyamd.html).\n\n```js\ndefine(["jquery"], function($) {\n\n});\n```\n\n### Node\n\nTo include jQuery in [Node](nodejs.org), first install with npm.\n\n```sh\nnpm install jquery\n```\n\nFor jQuery to work in Node, a window with a document is required. Since no such window exists natively in Node, one can be mocked by tools such as [jsdom](https://github.com/tmpvar/jsdom). This can be useful for testing purposes.\n\n```js\nrequire("jsdom").env("", function(err, window) {\n\tif (err) {\n\t\tconsole.error(err);\n\t\treturn;\n\t}\n\n\tvar $ = require("jquery")(window);\n});\n```\n',
28 silly resolved     readmeFilename: 'README.md',
28 silly resolved     _id: 'jquery@3.2.1',
28 silly resolved     _from: 'jquery@' } ]
29 info install jquery@3.2.1 into D:\Projects\React-Portal
30 info installOne jquery@3.2.1
31 info D:\Projects\React-Portal\node_modules\jquery unbuild
32 info preuninstall jquery@3.2.1
33 info uninstall jquery@3.2.1
34 verbose true,D:\Projects\React-Portal\node_modules,D:\Projects\React-Portal\node_modules unbuild jquery@3.2.1
35 info postuninstall jquery@3.2.1
36 verbose tar unpack C:\Users\crumb\AppData\Roaming\npm-cache\jquery\3.2.1\package.tgz
37 silly lockFile 9bd9c4d2-React-Portal-node-modules-jquery tar://D:\Projects\React-Portal\node_modules\jquery
38 verbose lock tar://D:\Projects\React-Portal\node_modules\jquery C:\Users\crumb\AppData\Roaming\npm-cache\9bd9c4d2-React-Portal-node-modules-jquery.lock
39 silly lockFile df7e8e38-m-cache-jquery-3-2-1-package-tgz tar://C:\Users\crumb\AppData\Roaming\npm-cache\jquery\3.2.1\package.tgz
40 verbose lock tar://C:\Users\crumb\AppData\Roaming\npm-cache\jquery\3.2.1\package.tgz C:\Users\crumb\AppData\Roaming\npm-cache\df7e8e38-m-cache-jquery-3-2-1-package-tgz.lock
41 silly gunzTarPerm modes [ '755', '644' ]
42 silly gunzTarPerm extractEntry package.json
43 silly gunzTarPerm modified mode [ 'package.json', 438, 420 ]
44 silly gunzTarPerm extractEntry README.md
45 silly gunzTarPerm modified mode [ 'README.md', 438, 420 ]
46 silly gunzTarPerm extractEntry AUTHORS.txt
47 silly gunzTarPerm modified mode [ 'AUTHORS.txt', 438, 420 ]
48 silly gunzTarPerm extractEntry bower.json
49 silly gunzTarPerm modified mode [ 'bower.json', 438, 420 ]
50 silly gunzTarPerm extractEntry dist/core.js
51 silly gunzTarPerm modified mode [ 'dist/core.js', 438, 420 ]
52 silly gunzTarPerm extractEntry dist/jquery.js
53 silly gunzTarPerm modified mode [ 'dist/jquery.js', 438, 420 ]
54 silly gunzTarPerm extractEntry dist/jquery.min.js
55 silly gunzTarPerm modified mode [ 'dist/jquery.min.js', 438, 420 ]
56 silly gunzTarPerm extractEntry dist/jquery.slim.js
57 silly gunzTarPerm modified mode [ 'dist/jquery.slim.js', 438, 420 ]
58 silly gunzTarPerm extractEntry dist/jquery.slim.min.js
59 silly gunzTarPerm modified mode [ 'dist/jquery.slim.min.js', 438, 420 ]
60 silly gunzTarPerm extractEntry dist/jquery.min.map
61 silly gunzTarPerm modified mode [ 'dist/jquery.min.map', 438, 420 ]
62 silly gunzTarPerm extractEntry dist/jquery.slim.min.map
63 silly gunzTarPerm modified mode [ 'dist/jquery.slim.min.map', 438, 420 ]
64 silly gunzTarPerm extractEntry external/sizzle/dist/sizzle.js
65 silly gunzTarPerm modified mode [ 'external/sizzle/dist/sizzle.js', 438, 420 ]
66 silly gunzTarPerm extractEntry external/sizzle/dist/sizzle.min.js
67 silly gunzTarPerm modified mode [ 'external/sizzle/dist/sizzle.min.js', 438, 420 ]
68 silly gunzTarPerm extractEntry external/sizzle/dist/sizzle.min.map
69 silly gunzTarPerm modified mode [ 'external/sizzle/dist/sizzle.min.map', 438, 420 ]
70 silly gunzTarPerm extractEntry external/sizzle/LICENSE.txt
71 silly gunzTarPerm modified mode [ 'external/sizzle/LICENSE.txt', 438, 420 ]
72 silly gunzTarPerm extractEntry LICENSE.txt
73 silly gunzTarPerm modified mode [ 'LICENSE.txt', 438, 420 ]
74 silly gunzTarPerm extractEntry src/wrap.js
75 silly gunzTarPerm modified mode [ 'src/wrap.js', 438, 420 ]
76 silly gunzTarPerm extractEntry src/core.js
77 silly gunzTarPerm modified mode [ 'src/core.js', 438, 420 ]
78 silly gunzTarPerm extractEntry src/selector.js
79 silly gunzTarPerm modified mode [ 'src/selector.js', 438, 420 ]
80 silly gunzTarPerm extractEntry src/css.js
81 silly gunzTarPerm modified mode [ 'src/css.js', 438, 420 ]
82 silly gunzTarPerm extractEntry src/selector-sizzle.js
83 silly gunzTarPerm modified mode [ 'src/selector-sizzle.js', 438, 420 ]
84 silly gunzTarPerm extractEntry src/serialize.js
85 silly gunzTarPerm modified mode [ 'src/serialize.js', 438, 420 ]
86 silly gunzTarPerm extractEntry src/selector-native.js
87 silly gunzTarPerm modified mode [ 'src/selector-native.js', 438, 420 ]
88 silly gunzTarPerm extractEntry src/deferred.js
89 silly gunzTarPerm modified mode [ 'src/deferred.js', 438, 420 ]
90 silly gunzTarPerm extractEntry src/deprecated.js
91 silly gunzTarPerm modified mode [ 'src/deprecated.js', 438, 420 ]
92 silly gunzTarPerm extractEntry src/dimensions.js
93 silly gunzTarPerm modified mode [ 'src/dimensions.js', 438, 420 ]
94 silly gunzTarPerm extractEntry src/queue.js
95 silly gunzTarPerm modified mode [ 'src/queue.js', 438, 420 ]
96 silly gunzTarPerm extractEntry src/callbacks.js
97 silly gunzTarPerm modified mode [ 'src/callbacks.js', 438, 420 ]
98 silly gunzTarPerm extractEntry src/offset.js
99 silly gunzTarPerm modified mode [ 'src/offset.js', 438, 420 ]
100 silly gunzTarPerm extractEntry src/attributes.js
101 silly gunzTarPerm modified mode [ 'src/attributes.js', 438, 420 ]
102 silly gunzTarPerm extractEntry src/manipulation.js
103 silly gunzTarPerm modified mode [ 'src/manipulation.js', 438, 420 ]
104 silly gunzTarPerm extractEntry src/traversing.js
105 silly gunzTarPerm modified mode [ 'src/traversing.js', 438, 420 ]
106 silly gunzTarPerm extractEntry src/event.js
107 silly gunzTarPerm modified mode [ 'src/event.js', 438, 420 ]
108 silly gunzTarPerm extractEntry src/ajax.js
109 silly gunzTarPerm modified mode [ 'src/ajax.js', 438, 420 ]
110 silly gunzTarPerm extractEntry src/jquery.js
111 silly gunzTarPerm modified mode [ 'src/jquery.js', 438, 420 ]
112 silly gunzTarPerm extractEntry src/data.js
113 silly gunzTarPerm modified mode [ 'src/data.js', 438, 420 ]
114 silly gunzTarPerm extractEntry src/effects.js
115 silly gunzTarPerm modified mode [ 'src/effects.js', 438, 420 ]
116 silly gunzTarPerm extractEntry src/data/Data.js
117 silly gunzTarPerm modified mode [ 'src/data/Data.js', 438, 420 ]
118 silly gunzTarPerm extractEntry src/data/var/acceptData.js
119 silly gunzTarPerm modified mode [ 'src/data/var/acceptData.js', 438, 420 ]
120 silly gunzTarPerm extractEntry src/data/var/dataPriv.js
121 silly gunzTarPerm modified mode [ 'src/data/var/dataPriv.js', 438, 420 ]
122 silly gunzTarPerm extractEntry src/data/var/dataUser.js
123 silly gunzTarPerm modified mode [ 'src/data/var/dataUser.js', 438, 420 ]
124 silly gunzTarPerm extractEntry src/exports/amd.js
125 silly gunzTarPerm modified mode [ 'src/exports/amd.js', 438, 420 ]
126 silly gunzTarPerm extractEntry src/exports/global.js
127 silly gunzTarPerm modified mode [ 'src/exports/global.js', 438, 420 ]
128 silly gunzTarPerm extractEntry src/event/ajax.js
129 silly gunzTarPerm modified mode [ 'src/event/ajax.js', 438, 420 ]
130 silly gunzTarPerm extractEntry src/event/alias.js
131 silly gunzTarPerm modified mode [ 'src/event/alias.js', 438, 420 ]
132 silly gunzTarPerm extractEntry src/event/focusin.js
133 silly gunzTarPerm modified mode [ 'src/event/focusin.js', 438, 420 ]
134 silly gunzTarPerm extractEntry src/event/support.js
135 silly gunzTarPerm modified mode [ 'src/event/support.js', 438, 420 ]
136 silly gunzTarPerm extractEntry src/event/trigger.js
137 silly gunzTarPerm modified mode [ 'src/event/trigger.js', 438, 420 ]
138 silly gunzTarPerm extractEntry src/ajax/jsonp.js
139 silly gunzTarPerm modified mode [ 'src/ajax/jsonp.js', 438, 420 ]
140 silly gunzTarPerm extractEntry src/ajax/load.js
141 silly gunzTarPerm modified mode [ 'src/ajax/load.js', 438, 420 ]
142 silly gunzTarPerm extractEntry src/ajax/parseXML.js
143 silly gunzTarPerm modified mode [ 'src/ajax/parseXML.js', 438, 420 ]
144 silly gunzTarPerm extractEntry src/ajax/script.js
145 silly gunzTarPerm modified mode [ 'src/ajax/script.js', 438, 420 ]
146 silly gunzTarPerm extractEntry src/ajax/xhr.js
147 silly gunzTarPerm modified mode [ 'src/ajax/xhr.js', 438, 420 ]
148 silly gunzTarPerm extractEntry src/ajax/var/location.js
149 silly gunzTarPerm modified mode [ 'src/ajax/var/location.js', 438, 420 ]
150 silly gunzTarPerm extractEntry src/ajax/var/nonce.js
151 silly gunzTarPerm modified mode [ 'src/ajax/var/nonce.js', 438, 420 ]
152 silly gunzTarPerm extractEntry src/ajax/var/rquery.js
153 silly gunzTarPerm modified mode [ 'src/ajax/var/rquery.js', 438, 420 ]
154 silly gunzTarPerm extractEntry src/queue/delay.js
155 silly gunzTarPerm modified mode [ 'src/queue/delay.js', 438, 420 ]
156 silly gunzTarPerm extractEntry src/effects/animatedSelector.js
157 silly gunzTarPerm modified mode [ 'src/effects/animatedSelector.js', 438, 420 ]
158 silly gunzTarPerm extractEntry src/effects/Tween.js
159 silly gunzTarPerm modified mode [ 'src/effects/Tween.js', 438, 420 ]
160 silly gunzTarPerm extractEntry src/deferred/exceptionHook.js
161 silly gunzTarPerm modified mode [ 'src/deferred/exceptionHook.js', 438, 420 ]
162 silly gunzTarPerm extractEntry src/manipulation/buildFragment.js
163 silly gunzTarPerm modified mode [ 'src/manipulation/buildFragment.js', 438, 420 ]
164 silly gunzTarPerm extractEntry src/manipulation/getAll.js
165 silly gunzTarPerm modified mode [ 'src/manipulation/getAll.js', 438, 420 ]
166 silly gunzTarPerm extractEntry src/manipulation/setGlobalEval.js
167 silly gunzTarPerm modified mode [ 'src/manipulation/setGlobalEval.js', 438, 420 ]
168 silly gunzTarPerm extractEntry src/manipulation/support.js
169 silly gunzTarPerm modified mode [ 'src/manipulation/support.js', 438, 420 ]
170 silly gunzTarPerm extractEntry src/manipulation/wrapMap.js
171 silly gunzTarPerm modified mode [ 'src/manipulation/wrapMap.js', 438, 420 ]
172 silly gunzTarPerm extractEntry src/manipulation/_evalUrl.js
173 silly gunzTarPerm modified mode [ 'src/manipulation/_evalUrl.js', 438, 420 ]
174 silly gunzTarPerm extractEntry src/manipulation/var/rcheckableType.js
175 silly gunzTarPerm modified mode [ 'src/manipulation/var/rcheckableType.js', 438, 420 ]
176 silly gunzTarPerm extractEntry src/manipulation/var/rscriptType.js
177 silly gunzTarPerm modified mode [ 'src/manipulation/var/rscriptType.js', 438, 420 ]
178 silly gunzTarPerm extractEntry src/manipulation/var/rtagName.js
179 silly gunzTarPerm modified mode [ 'src/manipulation/var/rtagName.js', 438, 420 ]
180 silly gunzTarPerm extractEntry src/css/addGetHookIf.js
181 silly gunzTarPerm modified mode [ 'src/css/addGetHookIf.js', 438, 420 ]
182 silly gunzTarPerm extractEntry src/css/adjustCSS.js
183 silly gunzTarPerm modified mode [ 'src/css/adjustCSS.js', 438, 420 ]
184 silly gunzTarPerm extractEntry src/css/curCSS.js
185 silly gunzTarPerm modified mode [ 'src/css/curCSS.js', 438, 420 ]
186 silly gunzTarPerm extractEntry src/css/hiddenVisibleSelectors.js
187 silly gunzTarPerm modified mode [ 'src/css/hiddenVisibleSelectors.js', 438, 420 ]
188 silly gunzTarPerm extractEntry src/css/showHide.js
189 silly gunzTarPerm modified mode [ 'src/css/showHide.js', 438, 420 ]
190 silly gunzTarPerm extractEntry src/css/support.js
191 silly gunzTarPerm modified mode [ 'src/css/support.js', 438, 420 ]
192 silly gunzTarPerm extractEntry src/css/var/cssExpand.js
193 silly gunzTarPerm modified mode [ 'src/css/var/cssExpand.js', 438, 420 ]
194 silly gunzTarPerm extractEntry src/css/var/getStyles.js
195 silly gunzTarPerm modified mode [ 'src/css/var/getStyles.js', 438, 420 ]
196 silly gunzTarPerm extractEntry src/css/var/isHiddenWithinTree.js
197 silly gunzTarPerm modified mode [ 'src/css/var/isHiddenWithinTree.js', 438, 420 ]
198 silly gunzTarPerm extractEntry src/css/var/rmargin.js
199 silly gunzTarPerm modified mode [ 'src/css/var/rmargin.js', 438, 420 ]
200 silly gunzTarPerm extractEntry src/css/var/rnumnonpx.js
201 silly gunzTarPerm modified mode [ 'src/css/var/rnumnonpx.js', 438, 420 ]
202 silly gunzTarPerm extractEntry src/css/var/swap.js
203 silly gunzTarPerm modified mode [ 'src/css/var/swap.js', 438, 420 ]
204 silly gunzTarPerm extractEntry src/core/access.js
205 silly gunzTarPerm modified mode [ 'src/core/access.js', 438, 420 ]
206 silly gunzTarPerm extractEntry src/core/init.js
207 silly gunzTarPerm modified mode [ 'src/core/init.js', 438, 420 ]
208 silly gunzTarPerm extractEntry src/core/nodeName.js
209 silly gunzTarPerm modified mode [ 'src/core/nodeName.js', 438, 420 ]
210 silly gunzTarPerm extractEntry src/core/parseHTML.js
211 silly gunzTarPerm modified mode [ 'src/core/parseHTML.js', 438, 420 ]
212 silly gunzTarPerm extractEntry src/core/DOMEval.js
213 silly gunzTarPerm modified mode [ 'src/core/DOMEval.js', 438, 420 ]
214 silly gunzTarPerm extractEntry src/core/ready.js
215 silly gunzTarPerm modified mode [ 'src/core/ready.js', 438, 420 ]
216 silly gunzTarPerm extractEntry src/core/readyException.js
217 silly gunzTarPerm modified mode [ 'src/core/readyException.js', 438, 420 ]
218 silly gunzTarPerm extractEntry src/core/stripAndCollapse.js
219 silly gunzTarPerm modified mode [ 'src/core/stripAndCollapse.js', 438, 420 ]
220 silly gunzTarPerm extractEntry src/core/support.js
221 silly gunzTarPerm modified mode [ 'src/core/support.js', 438, 420 ]
222 silly gunzTarPerm extractEntry src/core/ready-no-deferred.js
223 silly gunzTarPerm modified mode [ 'src/core/ready-no-deferred.js', 438, 420 ]
224 silly gunzTarPerm extractEntry src/core/var/rsingleTag.js
225 silly gunzTarPerm modified mode [ 'src/core/var/rsingleTag.js', 438, 420 ]
226 silly gunzTarPerm extractEntry src/traversing/findFilter.js
227 silly gunzTarPerm modified mode [ 'src/traversing/findFilter.js', 438, 420 ]
228 silly gunzTarPerm extractEntry src/traversing/var/dir.js
229 silly gunzTarPerm modified mode [ 'src/traversing/var/dir.js', 438, 420 ]
230 silly gunzTarPerm extractEntry src/traversing/var/rneedsContext.js
231 silly gunzTarPerm modified mode [ 'src/traversing/var/rneedsContext.js', 438, 420 ]
232 silly gunzTarPerm extractEntry src/traversing/var/siblings.js
233 silly gunzTarPerm modified mode [ 'src/traversing/var/siblings.js', 438, 420 ]
234 silly gunzTarPerm extractEntry src/attributes/attr.js
235 silly gunzTarPerm modified mode [ 'src/attributes/attr.js', 438, 420 ]
236 silly gunzTarPerm extractEntry src/attributes/classes.js
237 silly gunzTarPerm modified mode [ 'src/attributes/classes.js', 438, 420 ]
238 silly gunzTarPerm extractEntry src/attributes/prop.js
239 silly gunzTarPerm modified mode [ 'src/attributes/prop.js', 438, 420 ]
240 silly gunzTarPerm extractEntry src/attributes/support.js
241 silly gunzTarPerm modified mode [ 'src/attributes/support.js', 438, 420 ]
242 silly gunzTarPerm extractEntry src/attributes/val.js
243 silly gunzTarPerm modified mode [ 'src/attributes/val.js', 438, 420 ]
244 silly gunzTarPerm extractEntry src/var/arr.js
245 silly gunzTarPerm modified mode [ 'src/var/arr.js', 438, 420 ]
246 silly gunzTarPerm extractEntry src/var/fnToString.js
247 silly gunzTarPerm modified mode [ 'src/var/fnToString.js', 438, 420 ]
248 silly gunzTarPerm extractEntry src/var/getProto.js
249 silly gunzTarPerm modified mode [ 'src/var/getProto.js', 438, 420 ]
250 silly gunzTarPerm extractEntry src/var/hasOwn.js
251 silly gunzTarPerm modified mode [ 'src/var/hasOwn.js', 438, 420 ]
252 silly gunzTarPerm extractEntry src/var/documentElement.js
253 silly gunzTarPerm modified mode [ 'src/var/documentElement.js', 438, 420 ]
254 silly gunzTarPerm extractEntry src/var/ObjectFunctionString.js
255 silly gunzTarPerm modified mode [ 'src/var/ObjectFunctionString.js', 438, 420 ]
256 silly gunzTarPerm extractEntry src/var/pnum.js
257 silly gunzTarPerm modified mode [ 'src/var/pnum.js', 438, 420 ]
258 silly gunzTarPerm extractEntry src/var/push.js
259 silly gunzTarPerm modified mode [ 'src/var/push.js', 438, 420 ]
260 silly gunzTarPerm extractEntry src/var/rcssNum.js
261 silly gunzTarPerm modified mode [ 'src/var/rcssNum.js', 438, 420 ]
262 silly gunzTarPerm extractEntry src/var/rnothtmlwhite.js
263 silly gunzTarPerm modified mode [ 'src/var/rnothtmlwhite.js', 438, 420 ]
264 silly gunzTarPerm extractEntry src/var/document.js
265 silly gunzTarPerm modified mode [ 'src/var/document.js', 438, 420 ]
266 silly gunzTarPerm extractEntry src/var/slice.js
267 silly gunzTarPerm modified mode [ 'src/var/slice.js', 438, 420 ]
268 silly gunzTarPerm extractEntry src/var/concat.js
269 silly gunzTarPerm modified mode [ 'src/var/concat.js', 438, 420 ]
270 silly gunzTarPerm extractEntry src/var/support.js
271 silly gunzTarPerm modified mode [ 'src/var/support.js', 438, 420 ]
272 silly gunzTarPerm extractEntry src/var/class2type.js
273 silly gunzTarPerm modified mode [ 'src/var/class2type.js', 438, 420 ]
274 silly gunzTarPerm extractEntry src/var/toString.js
275 silly gunzTarPerm modified mode [ 'src/var/toString.js', 438, 420 ]
276 silly gunzTarPerm extractEntry src/var/indexOf.js
277 silly gunzTarPerm modified mode [ 'src/var/indexOf.js', 438, 420 ]
278 silly gunzTarPerm extractEntry src/.eslintrc.json
279 silly gunzTarPerm modified mode [ 'src/.eslintrc.json', 438, 420 ]
280 silly lockFile 9bd9c4d2-React-Portal-node-modules-jquery tar://D:\Projects\React-Portal\node_modules\jquery
281 silly lockFile 9bd9c4d2-React-Portal-node-modules-jquery tar://D:\Projects\React-Portal\node_modules\jquery
282 silly lockFile df7e8e38-m-cache-jquery-3-2-1-package-tgz tar://C:\Users\crumb\AppData\Roaming\npm-cache\jquery\3.2.1\package.tgz
283 silly lockFile df7e8e38-m-cache-jquery-3-2-1-package-tgz tar://C:\Users\crumb\AppData\Roaming\npm-cache\jquery\3.2.1\package.tgz
284 info preinstall jquery@3.2.1
285 verbose readDependencies using package.json deps
286 verbose readDependencies using package.json deps
287 silly resolved []
288 verbose about to build D:\Projects\React-Portal\node_modules\jquery
289 info build D:\Projects\React-Portal\node_modules\jquery
290 verbose linkStuff [ false,
290 verbose linkStuff   false,
290 verbose linkStuff   false,
290 verbose linkStuff   'D:\\Projects\\React-Portal\\node_modules' ]
291 info linkStuff jquery@3.2.1
292 verbose linkBins jquery@3.2.1
293 verbose linkMans jquery@3.2.1
294 verbose rebuildBundles jquery@3.2.1
295 info install jquery@3.2.1
296 info postinstall jquery@3.2.1
297 error peerinvalid The package react-dom does not satisfy its siblings' peerDependencies requirements!
297 error peerinvalid Peer react-addons-test-utils@15.4.2 wants react-dom@^15.4.2
298 error System Windows_NT 10.0.14393
299 error command "C:\\Program Files\\nodejs\\node.exe" "C:\\Program Files\\nodejs\\node_modules\\npm\\bin\\npm-cli.js" "install" "jquery" "--save"
300 error cwd D:\Projects\React-Portal
301 error node -v v6.10.1
302 error npm -v 1.3.21
303 error code EPEERINVALID
304 verbose exit [ 1, true ]
